<?xml version="1.0" encoding="UTF-8"?>
<!-- Generated by org.testng.reporters.JUnitReportReporter -->
<testsuite hostname="JVBRRR" failures="0" tests="1" name="com.rmgyantraCRUDOperationWithoutBDD.DeletingProjectTest" time="1.783" errors="0" timestamp="2022-11-21T15:36:12 IST" skipped="0">
  <testcase classname="com.rmgyantraCRUDOperationWithoutBDD.DeletingProjectTest" name="deleteProject" time="1.783"/>
  <system-out/>
</testsuite> <!-- com.rmgyantraCRUDOperationWithoutBDD.DeletingProjectTest -->
