<?xml version="1.0" encoding="UTF-8"?>
<!-- Generated by org.testng.reporters.JUnitReportReporter -->
<testsuite hostname="JVBRRR" failures="0" tests="1" name="com.rmgyantraCRUDOperationWithBDD.GettingProjectTest" time="1.875" errors="0" timestamp="2022-11-27T05:29:59 IST" skipped="0">
  <testcase classname="com.rmgyantraCRUDOperationWithBDD.GettingProjectTest" name="gettingProject" time="1.875"/>
  <system-out/>
</testsuite> <!-- com.rmgyantraCRUDOperationWithBDD.GettingProjectTest -->
