<?xml version="1.0" encoding="UTF-8"?>
<!-- Generated by org.testng.reporters.JUnitReportReporter -->
<testsuite hostname="JVBRRR" failures="0" tests="1" name="com.rmgyantraCRUDOperationWithoutBDD.UpdateProjectTest" time="1.719" errors="0" timestamp="2022-11-21T15:41:26 IST" skipped="0">
  <testcase classname="com.rmgyantraCRUDOperationWithoutBDD.UpdateProjectTest" name="updateProject" time="1.719"/>
  <system-out/>
</testsuite> <!-- com.rmgyantraCRUDOperationWithoutBDD.UpdateProjectTest -->
