<?xml version="1.0" encoding="UTF-8"?>
<!-- Generated by org.testng.reporters.JUnitReportReporter -->
<testsuite hostname="JVBRRR" failures="0" tests="1" name="com.rmgyantra.Parameters.RequestChainingWithParametersTest" time="2.601" errors="0" timestamp="2022-11-27T08:20:23 IST" skipped="0">
  <testcase classname="com.rmgyantra.Parameters.RequestChainingWithParametersTest" name="requestChaining" time="2.601"/>
  <system-out/>
</testsuite> <!-- com.rmgyantra.Parameters.RequestChainingWithParametersTest -->
