<?xml version="1.0" encoding="UTF-8"?>
<!-- Generated by org.testng.reporters.JUnitReportReporter -->
<testsuite hostname="JVBRRR" failures="0" tests="1" name="com.rmgyantra.Authentication.BasicAuthTest" time="1.672" errors="0" timestamp="2022-11-23T11:33:59 IST" skipped="0">
  <testcase classname="com.rmgyantra.Authentication.BasicAuthTest" name="basicAuth" time="1.672"/>
  <system-out/>
</testsuite> <!-- com.rmgyantra.Authentication.BasicAuthTest -->
