<?xml version="1.0" encoding="UTF-8"?>
<!-- Generated by org.testng.reporters.JUnitReportReporter -->
<testsuite hostname="JVBRRR" failures="0" tests="1" name="com.rmgyantra.Validation.ResponseTimeTest" time="2.032" errors="0" timestamp="2022-11-27T05:39:34 IST" skipped="0">
  <testcase classname="com.rmgyantra.Validation.ResponseTimeTest" name="responseTest" time="2.032"/>
  <system-out/>
</testsuite> <!-- com.rmgyantra.Validation.ResponseTimeTest -->
