<?xml version="1.0" encoding="UTF-8"?>
<!-- Generated by org.testng.reporters.JUnitReportReporter -->
<testsuite hostname="JVBRRR" failures="0" tests="1" name="com.rmgyantra.Parameters.QueryParameterTest" time="3.005" errors="0" timestamp="2022-11-22T15:13:09 IST" skipped="0">
  <testcase classname="com.rmgyantra.Parameters.QueryParameterTest" name="queryParameter" time="3.005"/>
  <system-out/>
</testsuite> <!-- com.rmgyantra.Parameters.QueryParameterTest -->
