<?xml version="1.0" encoding="UTF-8"?>
<!-- Generated by org.testng.reporters.JUnitReportReporter -->
<testsuite hostname="JVBRRR" failures="0" tests="1" name="com.rmgyantra.Parameters.PathParameterTest" time="1.489" errors="0" timestamp="2022-11-27T05:49:03 IST" skipped="0">
  <testcase classname="com.rmgyantra.Parameters.PathParameterTest" name="parameterPath" time="1.489"/>
  <system-out/>
</testsuite> <!-- com.rmgyantra.Parameters.PathParameterTest -->
