<?xml version="1.0" encoding="UTF-8"?>
<!-- Generated by org.testng.reporters.JUnitReportReporter -->
<testsuite hostname="JVBRRR" failures="0" tests="1" name="com.rmgyantraCRUDOperationWithBDD.PostingRequestViaHashmapTest" time="1.898" errors="0" timestamp="2022-11-21T17:14:08 IST" skipped="0">
  <testcase classname="com.rmgyantraCRUDOperationWithBDD.PostingRequestViaHashmapTest" name="postingrequest" time="1.898"/>
  <system-out/>
</testsuite> <!-- com.rmgyantraCRUDOperationWithBDD.PostingRequestViaHashmapTest -->
