<?xml version="1.0" encoding="UTF-8"?>
<!-- Generated by org.testng.reporters.JUnitReportReporter -->
<testsuite hostname="JVBRRR" failures="0" tests="1" name="com.rmgyantraCRUDOperationWithoutBDD.GettingProjectTest" time="1.513" errors="0" timestamp="2022-11-21T15:39:39 IST" skipped="0">
  <testcase classname="com.rmgyantraCRUDOperationWithoutBDD.GettingProjectTest" name="getProject" time="1.513"/>
  <system-out/>
</testsuite> <!-- com.rmgyantraCRUDOperationWithoutBDD.GettingProjectTest -->
