<?xml version="1.0" encoding="UTF-8"?>
<!-- Generated by org.testng.reporters.JUnitReportReporter -->
<testsuite hostname="JVBRRR" failures="0" tests="1" name="com.rmgyantraCRUDOperationWithoutBDD.PostingProjectTest" time="2.438" errors="0" timestamp="2022-11-21T15:35:02 IST" skipped="0">
  <testcase classname="com.rmgyantraCRUDOperationWithoutBDD.PostingProjectTest" name="createProject" time="2.438"/>
  <system-out/>
</testsuite> <!-- com.rmgyantraCRUDOperationWithoutBDD.PostingProjectTest -->
