<?xml version="1.0" encoding="UTF-8"?>
<!-- Generated by org.testng.reporters.JUnitReportReporter -->
<testsuite hostname="JVBRRR" failures="0" tests="1" name="com.rmgyantraRequestPostByPojo.PojoRequestTest" time="2.088" errors="0" timestamp="2022-11-22T11:42:15 IST" skipped="0">
  <testcase classname="com.rmgyantraRequestPostByPojo.PojoRequestTest" name="pojoRequest" time="2.088"/>
  <system-out/>
</testsuite> <!-- com.rmgyantraRequestPostByPojo.PojoRequestTest -->
