<?xml version="1.0" encoding="UTF-8"?>
<!-- Generated by org.testng.reporters.JUnitReportReporter -->
<testsuite hostname="JVBRRR" failures="0" tests="1" name="com.rmgyantra.Authentication.BarrierTokenTest" time="3.058" errors="0" timestamp="2022-11-23T11:39:51 IST" skipped="0">
  <testcase classname="com.rmgyantra.Authentication.BarrierTokenTest" name="barrierToken" time="3.058"/>
  <system-out/>
</testsuite> <!-- com.rmgyantra.Authentication.BarrierTokenTest -->
