<?xml version="1.0" encoding="UTF-8"?>
<!-- Generated by org.testng.reporters.JUnitReportReporter -->
<testsuite hostname="JVBRRR" failures="0" tests="1" name="com.rmgyantra.Validation.StaticValidationTest" time="1.965" errors="0" timestamp="2022-11-22T12:28:26 IST" skipped="0">
  <testcase classname="com.rmgyantra.Validation.StaticValidationTest" name="validationTest" time="1.965"/>
  <system-out/>
</testsuite> <!-- com.rmgyantra.Validation.StaticValidationTest -->
